usb_get_driver_np returned -61
1 get descriptor returned 18, bytes: 12 01 00 02 00 00 00 40 88 1c 07 00 00 01 01 02 03 01 ".......@.........."
2 get descriptor returned 9, bytes: 09 02 12 00 01 01 00 80 64 "........d"
3 get descriptor returned 18, bytes: 09 02 12 00 01 01 00 80 64 09 04 00 00 00 ff ff ff 00 "........d........."
4 set configuration returned 0
4 set alternate setting returned 0
5 control msg returned 2, bytes: 01 07 ".."
6 control msg returned 64, bytes: 05 ff 0c 94 ce 00 ff ff ff ff ff ff ff ff ff ff ff ff ff ff ff ff ff ff ff ff ff ff ff ff ff ff ff ff ff ff ff ff ff ff ff ff ff ff ff ff 0c 94 72 06 ff ff ff ff ff ff ff ff ff ff ff ff ff ff "................................................r..............."
7 control msg returned 64, bytes: 05 ff ff ff ff ff ff ff ff ff ff ff ff ff ff ff ff ff ff ff ff ff ff ff ff ff ff ff ff ff ff ff ff ff ff ff 00 01 02 03 04 05 06 07 08 09 0a 0b 0c 0d 0e 0f 77 00 00 00 00 00 00 00 00 00 00 48 "....................................................w..........H"
8 control msg returned 64, bytes: 05 ff 15 47 15 49 15 00 07 01 12 01 00 02 00 00 00 40 88 1c 3c 00 00 01 01 02 03 01 0a 06 00 02 00 00 00 40 01 00 09 02 32 00 01 01 00 80 fa 09 07 32 00 01 01 00 80 fa 09 04 00 00 00 ff ff ff "...G.I...........@..<..............@....2........2.............."
9 control msg returned 64, bytes: 05 ff 00 09 04 00 01 01 ff ff ff 00 07 05 82 05 ff 03 01 09 04 00 02 01 ff ff ff 00 07 05 82 05 00 14 01 07 05 82 05 ff 03 01 04 03 09 04 22 03 20 00 53 00 6f 00 6d 00 61 00 67 00 69 00 63 00 "..............................................". .S.o.m.a.g.i.c."
10 control msg returned 64, bytes: 05 ff 2c 00 20 00 49 00 6e 00 63 00 2e 00 20 00 20 00 24 03 53 00 4d 00 49 00 20 00 47 00 72 00 61 00 62 00 62 00 65 00 72 00 20 00 44 00 45 00 56 00 20 00 00 00 2a 03 53 00 4d 00 49 00 47 00 "..,. .I.n.c... . .$.S.M.I. .G.r.a.b.b.e.r. .D.E.V. ...*.S.M.I.G."
11 control msg returned 64, bytes: 05 ff 52 00 41 00 42 00 42 00 45 00 52 00 39 00 38 00 37 00 36 00 35 00 34 00 33 00 32 00 31 00 30 00 e2 00 e6 00 08 01 2c 01 01 00 00 00 53 4d 49 47 52 41 42 42 45 52 39 38 37 36 35 34 33 32 "..R.A.B.B.E.R.9.8.7.6.5.4.3.2.1.0.......,.....SMIGRABBER98765432"
12 control msg returned 64, bytes: 05 ff 31 30 00 53 4d 49 20 47 72 61 62 62 65 72 20 44 45 56 20 20 00 20 53 6f 6d 61 67 69 63 2c 20 49 6e 63 2e 20 20 00 00 00 cf ef df e0 cd bf de bf c0 54 d0 40 0a ea 08 83 00 24 ec e9 f1 e0 "..10.SMI Grabber DEV  . Somagic, Inc.  ............T.@.....$...."
13 control msg returned 64, bytes: 05 ff 12 e0 e3 3f f1 07 11 f0 01 92 fb cf 00 83 e0 e6 f0 e0 a0 e6 b0 e0 11 e0 ec 39 f1 07 21 f0 c8 95 31 96 0d 92 f9 cf 0e 94 33 04 ff cf 0e 94 7a 0e 22 24 20 92 72 00 20 90 da 02 20 92 c5 01 ".....?.....................9..!...1.......3.....z."$ .r. ... ..."
14 control msg returned 64, bytes: 05 ff 85 ec 91 e0 90 93 ed 02 80 93 ec 02 80 91 d9 02 81 39 21 f5 81 e0 80 93 00 16 20 90 70 00 20 92 c0 01 20 90 c7 02 20 92 c1 01 20 90 c8 02 20 92 c2 01 20 90 c9 02 20 92 c3 01 20 90 ca 02 "...................9!....... .p. ... ... ... ... ... ... ... ..."
15 control msg returned 64, bytes: 05 ff 20 92 c4 01 80 ec 91 e0 90 93 ed 02 80 93 ec 02 85 e0 90 e0 90 93 f1 02 80 93 f0 02 ab c0 40 91 c5 01 55 27 4b 30 e0 e0 5e 07 09 f4 3f c0 4c 30 e0 e0 5e 07 09 f4 3a c0 4d 30 e0 e0 5e 07 ".. .............................@...U'K0..^...?.L0..^...:.M0..^."
16 control msg returned 64, bytes: 05 ff b1 f1 8d e0 90 e0 84 17 95 07 2c f0 41 30 e0 e0 5e 07 39 f0 77 c0 4b 3f e0 e0 5e 07 09 f4 66 c0 71 c0 80 91 e7 02 83 30 21 f4 83 e0 80 93 c6 01 17 c0 80 91 e7 02 85 30 21 f4 85 e0 80 93 "............,.A0..^.9.w.K?..^...f.q......0!..............0!....."
17 control msg returned 64, bytes: 05 ff c6 01 0f c0 80 91 e7 02 82 30 21 f4 82 e0 80 93 c6 01 07 c0 80 91 e7 02 84 30 19 f4 84 e0 80 93 c6 01 82 e0 90 e0 90 93 f1 02 80 93 f0 02 4d c0 20 90 bc 01 20 92 c6 01 20 90 bd 01 20 92 "...........0!..............0....................M. ... ... ... ."
18 control msg returned 64, bytes: 05 ff c7 01 20 90 be 01 20 92 c8 01 20 90 bf 01 20 92 c9 01 80 91 be 01 8f 70 42 2d 48 0f 66 27 0f c0 8c e9 91 e0 e6 2f ff 27 e8 0f f9 1f 20 80 8a ec 91 e0 e6 2f ff 27 e8 0f f9 1f 20 82 63 95 ".... ... ... ... ........pB-H.f'......./.'.... ....../.'.... .c."
19 control msg returned 64, bytes: 05 ff 64 17 78 f3 20 91 c5 01 33 27 2b 50 30 40 01 e0 10 e0 0e 94 93 0e 80 2f 91 2f 88 0f 99 1f 88 0f 99 1f 88 0f 99 1f 05 96 90 93 f1 02 80 93 f0 02 0e c0 81 e0 80 93 e3 02 80 93 c6 01 82 e0 "..d.x. ...3'+P0@........././...................................."
20 control msg returned 64, bytes: 05 ff 90 e0 90 93 f1 02 80 93 f0 02 02 c0 0e 94 0b 09 22 24 20 92 bc 01 20 92 bd 01 20 92 be 01 20 92 9c 01 20 92 9d 01 20 92 9e 01 20 92 9f 01 20 92 a0 01 20 92 a1 01 20 92 a2 01 20 92 a3 01 ".................."$ ... ... ... ... ... ... ... ... ... ... ..."
21 control msg returned 64, bytes: 05 ff 80 91 73 00 84 30 49 f0 81 e0 80 93 73 00 22 24 33 24 30 92 ef 02 20 92 ee 02 0e 94 6b 0e 08 95 22 24 20 92 72 00 85 ec 91 e0 90 93 ed 02 80 93 ec 02 20 90 de 02 30 90 df 02 30 92 f1 02 "....s..0I.....s."$3$0... .....k..."$ .r............. ...0...0..."
22 control msg returned 64, bytes: 05 ff 20 92 f0 02 80 91 73 00 84 30 49 f0 82 e0 80 93 73 00 22 24 33 24 30 92 ef 02 20 92 ee 02 08 95 0e 94 74 0e 28 97 80 e1 8f 83 80 91 c5 01 81 30 09 f0 88 c0 22 24 20 92 38 15 20 92 3c 15 ".. .....s..0I.....s."$3$0... .......t.(..........0...."$ .8. .<."
23 control msg returned 64, bytes: 05 ff 20 90 c6 01 20 92 e7 02 82 2d 83 30 c9 f4 85 e2 80 93 31 15 80 91 30 15 89 7f 80 93 30 15 28 2e 20 92 30 15 85 e1 80 93 21 15 80 91 20 15 89 7f 80 93 20 15 82 60 80 93 20 15 0e 94 01 05 ".. ... ....-.0......1...0.....0.(. .0.....!... ..... ..`.. ....."
24 control msg returned 64, bytes: 05 ff 56 c0 80 91 e7 02 82 30 c9 f4 85 e2 80 93 21 15 80 91 20 15 89 7f 80 93 20 15 28 2e 20 92 20 15 85 e1 80 93 31 15 80 91 30 15 89 7f 80 93 30 15 82 60 80 93 30 15 0e 94 f4 04 39 c0 80 91 "..V......0......!... ..... .(. . .....1...0.....0..`..0.....9..."
25 control msg returned 64, bytes: 05 ff e7 02 85 30 c9 f4 85 e2 80 93 31 15 80 91 30 15 89 7f 80 93 30 15 28 2e 20 92 30 15 85 e1 80 93 21 15 80 91 20 15 89 7f 80 93 20 15 82 60 80 93 20 15 0e 94 0c 05 1c c0 80 91 e7 02 84 30 ".....0......1...0.....0.(. .0.....!... ..... ..`.. ............0"
26 control msg returned 64, bytes: 05 ff c1 f4 85 e2 80 93 21 15 80 91 20 15 89 7f 80 93 20 15 28 2e 20 92 20 15 85 e1 80 93 31 15 80 91 30 15 89 7f 80 93 30 15 82 60 80 93 30 15 0e 94 fa 04 20 90 1c 15 27 fc fc cf 22 24 20 92 "........!... ..... .(. . .....1...0.....0..`..0..... ...'..."$ ."
27 control msg returned 64, bytes: 05 ff 1b 15 80 91 1c 15 80 68 80 93 1c 15 9d c1 40 91 c9 01 80 91 c8 01 8f 70 e8 2e 20 90 c8 01 27 fe 02 c0 82 30 79 f4 80 91 c7 01 80 7c 80 38 11 f4 ee 20 41 f4 80 91 c7 01 80 7c 80 3c 31 f4 ".........h......@........p.. ...'....0y......|.8... A......|.<1."
28 control msg returned 64, bytes: 05 ff 8e 2d 81 30 19 f0 0e 94 0b 09 7f c1 20 90 c8 01 27 fe 9d c0 20 90 c7 01 25 fe 5b c0 20 90 ca 01 2e 82 20 90 cb 01 2d 82 20 90 ca 01 20 92 9c 01 20 90 cb 01 20 92 9d 01 cc 24 37 c0 24 2e "...-.0........ ...'... ...%.[. ..... ...-. ... ... ... ....$7.$."
29 control msg returned 64, bytes: 05 ff 33 24 4d 80 5e 80 42 0c 53 1c 86 e0 96 e1 84 15 95 05 e8 f0 8d 81 9e 81 80 30 e6 e1 9e 07 b8 f0 80 91 00 16 83 70 81 30 91 f4 87 ec 92 e0 ec 2d ff 27 e8 0f f9 1f 20 80 8e e9 91 e0 ec 2d "..3$M.^.B.S................0...........p.0.......-.'.... ......-"
30 control msg returned 64, bytes: 05 ff ff 27 e8 0f f9 1f 20 82 81 e0 80 93 c7 02 0e c0 2c 2c 33 24 ed 81 fe 81 e2 0d f3 1d 20 80 8e e9 91 e0 ec 2d ff 27 e8 0f f9 1f 20 82 c3 94 c4 16 08 f4 c6 cf 20 90 c6 01 20 92 bc 01 20 90 "...'.... .........,,3$........ ......-.'.... ......... ... ... ."
31 control msg returned 64, bytes: 05 ff c7 01 20 92 bd 01 20 90 c8 01 20 92 be 01 20 90 c9 01 20 92 bf 01 31 c0 20 90 ca 01 2e 82 20 90 cb 01 2d 82 22 20 89 f4 8e 81 86 31 71 f4 8a ec 91 e0 ee 2d ff 27 e8 0f f9 1f 80 81 81 38 ".... ... ... ... ... ...1. ..... ...-." .....1q......-.'.......8"
32 control msg returned 64, bytes: 05 ff 29 f4 81 e0 80 93 00 16 0e 94 64 06 cc 24 14 c0 2c 2c 33 24 ee 2d ff 27 35 96 e2 0d f3 1d 85 ec 91 e0 e8 0f f9 1f 20 80 3c 2c 44 24 ed 81 fe 81 e3 0d f4 1d 20 82 c3 94 c4 16 50 f3 20 90 "..).........d..$..,,3$.-.'5............. .<,D$........ .....P. ."
33 control msg returned 64, bytes: 05 ff 1c 15 27 fc fc cf 22 24 20 92 1b 15 80 91 1c 15 80 68 80 93 1c 15 de c0 20 90 c8 01 24 fe 29 c0 cc 24 0f c0 80 e6 90 e0 ec 2d ff 27 e8 0f f9 1f 20 80 8c e9 91 e0 ec 2d ff 27 e8 0f f9 1f "....'..."$ ........h...... ...$.)..$.......-.'.... ......-.'...."
34 control msg returned 64, bytes: 05 ff 20 82 c3 94 8c 2d 80 31 70 f3 20 90 c8 01 20 92 be 01 20 90 c9 01 20 92 bf 01 20 90 1c 15 27 fc fc cf 22 24 20 92 1b 15 80 91 1c 15 80 68 80 93 1c 15 b1 c0 81 e0 80 93 e9 02 80 91 c8 01 ".. ....-.1p. ... ... ... ... ...'..."$ ........h................"
35 control msg returned 64, bytes: 05 ff 80 74 a8 2e a6 94 a6 94 a6 94 a6 94 a6 94 a6 94 aa 20 19 f0 65 e8 71 e3 02 c0 65 e8 77 e1 20 90 c7 01 25 fe 5b c0 13 c0 ac 82 20 90 ca 01 2a 82 20 90 c9 01 28 82 20 91 c7 01 00 91 c6 01 "...t............... ..e.q...e.w. ...%.[..... ...*. ...(. ......."
36 control msg returned 64, bytes: 05 ff 0e 94 38 05 00 23 09 f0 07 c0 0f 80 0a 94 0f 82 22 24 0f 80 20 14 48 f3 cc 24 0f c0 8a ec 91 e0 ec 2d ff 27 e8 0f f9 1f 20 80 8c e9 91 e0 ec 2d ff 27 e8 0f f9 1f 20 82 c3 94 ce 14 78 f3 "....8..#.........."$.. .H..$.......-.'.... ......-.'.... .....x."
37 control msg returned 64, bytes: 05 ff cc 24 12 c0 2c 2c 33 24 ee 2d ff 27 e2 0d f3 1d 8c e9 91 e0 e8 0f f9 1f 33 24 a6 2f b7 2f a2 0d b3 1d 2c 90 20 82 c3 94 c4 16 60 f3 20 90 c6 01 20 92 bc 01 0f 80 00 20 31 f4 80 91 c7 01 "...$..,,3$.-.'............3$././....,. .....`. ... ...... 1....."
38 control msg returned 64, bytes: 05 ff 81 60 80 93 bd 01 04 c0 20 90 c7 01 20 92 bd 01 20 90 c8 01 20 92 be 01 20 90 c9 01 20 92 bf 01 32 c0 cc 24 14 c0 2c 2c 33 24 ee 2d ff 27 35 96 e2 0d f3 1d 85 ec 91 e0 e8 0f f9 1f 20 80 "...`...... ... ... ... ... ... ...2..$..,,3$.-.'5............. ."
39 control msg returned 64, bytes: 05 ff 3c 2c 44 24 e6 2f f7 2f e3 0d f4 1d 20 82 c3 94 c4 16 50 f3 80 e1 8f 83 13 c0 ac 82 20 90 ca 01 2a 82 20 90 c9 01 28 82 20 91 c7 01 00 91 c6 01 0e 94 38 05 00 23 09 f0 07 c0 0f 80 0a 94 "..<,D$././.... .....P......... ...*. ...(. .........8..#........"
40 control msg returned 64, bytes: 05 ff 0f 82 22 24 0f 80 20 14 48 f3 20 90 1c 15 27 fc fc cf 22 24 20 92 1b 15 80 91 1c 15 80 68 80 93 1c 15 28 96 0e 94 71 0e 08 95 ee 97 48 ef 44 27 8f ef 8a bb 83 e0 80 93 e7 02 22 24 20 92 "...."$.. .H. ...'..."$ ........h....(...q.....H.D'.........."$ ."
41 control msg returned 64, bytes: 05 ff 82 17 20 92 82 31 82 30 09 f4 b1 d0 80 91 e7 02 83 30 09 f4 b9 d0 80 91 e7 02 85 30 09 f4 bf d0 80 91 e7 02 84 30 09 f4 a8 d0 3e d0 78 94 39 c0 0e 94 72 06 80 91 00 16 83 70 81 30 11 f4 ".... ..1.0.........0.........0.........0....>.x.9...r......p.0.."
42 control msg returned 64, bytes: 05 ff 0e 94 b5 05 80 91 e0 02 81 30 29 f4 22 24 20 92 e0 02 0e 94 ef 06 80 91 e1 02 81 30 29 f4 22 24 20 92 e1 02 0e 94 ac 06 80 91 e5 02 81 30 29 f4 22 24 20 92 e5 02 0e 94 c0 06 80 91 e3 02 "...........0)."$ ............0)."$ ............0)."$ ..........."
43 control msg returned 64, bytes: 05 ff 81 30 41 f4 22 24 20 92 e3 02 80 91 80 30 8f 77 80 93 80 30 80 91 e8 02 81 30 29 f4 22 24 20 92 e8 02 0e 94 e0 06 c6 cf ee 96 08 95 22 24 20 92 e0 02 20 92 e1 02 20 92 e3 02 20 92 e6 02 "...0A."$ ......0.w...0.....0)."$ ............."$ ... ... ... ..."
44 control msg returned 64, bytes: 05 ff 20 92 e4 02 20 92 e5 02 20 92 e8 02 20 92 e9 02 84 ec 80 93 07 15 83 e0 80 93 11 15 80 91 10 15 89 7f 80 93 10 15 28 2e 20 92 10 15 80 e4 80 93 13 15 80 e0 90 e2 90 93 1a 15 80 93 19 15 ".. ... ... ... .........................(. ....................."
45 control msg returned 64, bytes: 05 ff 80 e4 90 93 1e 15 80 93 1d 15 80 93 15 15 85 e1 80 93 21 15 80 91 20 15 89 7f 80 93 20 15 28 2e 20 92 20 15 8f ef 93 e0 90 93 24 15 80 93 23 15 85 e2 80 93 31 15 80 91 30 15 89 7f 80 93 "....................!... ..... .(. . .......$...#.....1...0....."
46 control msg returned 64, bytes: 05 ff 30 15 28 2e 20 92 30 15 8f ef 90 93 34 15 80 93 33 15 0e 94 ec 06 08 ec 10 e0 2f d0 80 91 00 15 88 60 80 93 00 15 00 ed 17 e0 27 d0 80 91 00 15 87 7f 80 93 00 15 08 95 22 24 20 92 40 17 "..0.(. .0.....4...3........./......`........'............."$ .@."
47 control msg returned 64, bytes: 05 ff 20 92 80 18 08 95 22 24 20 92 00 31 82 e0 80 93 80 18 08 95 83 e0 80 93 80 15 80 91 e7 02 83 30 19 f4 22 24 20 92 80 18 08 95 22 24 20 92 00 18 20 92 40 17 81 e0 80 93 80 18 08 95 0e 94 ".. ....."$ ..1...................0.."$ ....."$ ... .@..........."
48 control msg returned 64, bytes: 05 ff 7a 0e 4e e1 66 27 02 c0 00 00 63 95 64 17 e0 f3 01 50 10 40 81 e0 90 e0 80 17 91 07 98 f3 0e 94 6b 0e 08 95 0e 94 7c 0e 40 2f 51 2f 05 c0 08 ee 13 e0 e5 df 41 50 50 40 40 30 45 07 c1 f7 "..z.N.f'....c.d....P.@............k.....|.@/Q/........APP@@0E..."
49 control msg returned 64, bytes: 05 ff 0e 94 7f 0e 08 95 0e 94 7c 0e 0e 80 00 20 19 f0 40 e8 51 e3 02 c0 40 e8 57 e1 e4 2f f5 2f 22 80 24 fe 0c c0 e4 2f f5 2f 22 80 33 24 27 fc 02 c0 26 fe f8 cf 22 24 e4 2f f5 2f 22 82 e4 2f "..........|.... ..@.Q...@.W.././".$...././".3$'...&..."$././"../"
50 control msg returned 64, bytes: 05 ff f5 2f 04 83 e4 2f f5 2f 0c 80 03 82 e4 2f f5 2f 0a 80 01 82 e4 2f f5 2f 20 83 e4 2f f5 2f 22 80 33 24 24 fe 04 c0 27 fc 02 c0 26 fe f6 cf e4 2f f5 2f 22 80 25 fe 06 c0 22 24 e4 2f f5 2f ".../..././....././....././ .././".3$$...'...&...././".%..."$././"
51 control msg returned 64, bytes: 05 ff 22 82 00 27 05 c0 22 24 e4 2f f5 2f 22 82 01 e0 0e 94 7f 0e 08 95 22 24 22 be 85 e0 83 bf 82 b7 8b 30 e8 f3 22 24 23 be 08 95 22 24 22 be 87 e0 83 bf 82 b7 84 34 e8 f3 22 24 23 be 08 95 ".."..'.."$././"........."$"........0.."$#..."$"........4.."$#..."
52 control msg returned 64, bytes: 05 ff 05 c0 01 50 10 40 11 f4 00 27 03 c0 9d 9b f9 cf 01 e0 08 95 05 c0 01 50 10 40 11 f4 00 27 03 c0 9d 99 f9 cf 01 e0 08 95 22 24 20 92 70 00 06 c0 dd df 80 91 70 00 8f 5f 80 93 70 00 80 91 ".....P.@...'.............P.@...'.........."$ .p.......p.._..p..."
53 control msg returned 64, bytes: 05 ff 70 00 8e 31 b0 f3 08 95 0e 94 7a 0e 44 27 9d 99 a7 c0 22 24 20 92 70 00 0a c0 bf df 9d 9b 02 c0 e4 df 9e c0 80 91 70 00 8f 5f 80 93 70 00 80 91 70 00 86 39 90 f3 00 e5 13 ec c3 df 00 23 "..p..1......z.D'...."$ .p...............p.._..p...p..9.........#"
54 control msg returned 64, bytes: 05 ff 09 f4 8f c0 22 24 20 92 70 00 12 c0 a7 df 9d 99 0a c0 cc df 20 90 71 00 22 20 09 f0 82 c0 85 e0 80 93 c7 02 7e c0 80 91 70 00 8f 5f 80 93 70 00 80 91 70 00 8c 33 50 f3 81 e0 80 93 71 00 "......"$ .p........... .q." ..........~...p.._..p...p..3P.....q."
55 control msg returned 64, bytes: 05 ff 00 e5 13 ec aa df 00 23 09 f4 6c c0 22 24 20 92 70 00 5c c0 44 23 11 f0 41 30 31 f4 00 e5 13 ec 92 df 00 23 09 f4 5e c0 44 27 66 27 0b c0 77 df 9d 99 04 c0 44 23 29 f4 41 e0 03 c0 41 30 ".........#..l."$ .p.\.D#..A01........#..^.D'f'..w.....D#).A...A0"
56 control msg returned 64, bytes: 05 ff 09 f4 42 e0 63 95 62 31 98 f3 44 23 e1 f0 81 e0 84 17 10 f4 8d df 47 c0 28 e0 30 e0 00 91 70 00 11 27 08 5f 1f 4f 0e 94 35 0e 85 e0 90 e0 80 1b 91 0b e7 ec f2 e0 8e 0f 9f 1f e8 2f f9 2f "....B.c.b1..D#..........G.(.0...p..'._.O..5.................././"
57 control msg returned 64, bytes: 05 ff 40 80 46 94 40 82 17 c0 28 e0 30 e0 00 91 70 00 11 27 08 5f 1f 4f 0e 94 35 0e 85 e0 90 e0 80 1b 91 0b e7 ec f2 e0 8e 0f 9f 1f e8 2f f9 2f 80 81 86 95 80 68 80 83 44 23 31 f4 00 e5 13 ec "..@.F.@...(.0...p..'._.O..5.................././.....h..D#1....."
58 control msg returned 64, bytes: 05 ff 4f df 00 23 09 f4 11 c0 80 91 70 00 8f 5f 80 93 70 00 80 91 70 00 80 32 08 f4 9f cf 22 24 20 92 71 00 85 e0 80 93 c7 02 45 df 0e 94 6b 0e 08 95 a5 98 08 95 09 b9 88 e1 8a b9 08 95 5f 9b "..O..#......p.._..p...p..2...."$ .q.......E...k..............._."
59 control msg returned 64, bytes: 05 ff fe cf 0c b1 08 95 5d 9b fe cf 0c b9 08 95 2a 92 8a 93 2f b6 2a 92 80 91 03 15 81 30 b1 f4 20 90 02 15 24 fe 29 c0 20 90 e9 02 22 20 29 f4 80 91 1c 15 8f 77 80 93 1c 15 81 e0 80 93 e0 02 "........].......*.../.*......0.. ...$.). ..." )......w.........."
60 control msg returned 64, bytes: 05 ff 80 91 02 15 8f 7e 80 93 02 15 17 c0 80 91 03 15 81 38 21 f4 81 e0 80 93 e1 02 0f c0 80 91 03 15 80 38 21 f4 81 e0 80 93 e5 02 07 c0 80 91 03 15 85 38 19 f4 81 e0 80 93 e8 02 29 90 2f be ".......~...........8!..............8!..............8........)./."
61 control msg returned 64, bytes: 05 ff 89 91 29 90 18 95 82 e0 80 93 f2 02 22 24 20 92 73 00 83 e0 80 93 74 00 80 93 75 00 80 93 76 00 80 93 77 00 80 93 78 00 20 92 e9 02 08 95 20 90 01 15 21 fe 0e c0 81 e0 80 93 e4 02 80 e0 "....)........."$ .s.....t...u...v...w...x. ..... ...!..........."
62 control msg returned 64, bytes: 05 ff 94 e0 90 93 24 15 80 93 23 15 90 93 34 15 80 93 33 15 0d c0 22 24 20 92 e4 02 8f ef 93 e0 90 93 24 15 80 93 23 15 90 93 34 15 80 93 33 15 08 95 0b d0 80 91 80 30 80 61 80 93 80 30 80 91 "......$...#...4...3..."$ .........$...#...4...3........0.a...0.."
63 control msg returned 64, bytes: 05 ff 00 15 84 60 80 93 00 15 08 95 a0 9a a8 98 08 95 0e 94 78 0e 66 27 77 27 80 e4 90 e2 90 93 1e 15 80 93 1d 15 20 90 73 00 22 20 09 f0 69 c0 20 90 18 15 27 fe 65 c0 28 ed 32 e0 08 e0 10 e0 ".....`..............x.f'w'............ .s." ..i. ...'.e.(.2....."
64 control msg returned 64, bytes: 05 ff 84 d1 80 91 18 15 8f 77 80 93 18 15 80 91 e9 02 81 30 29 f4 80 91 1c 15 8f 77 80 93 1c 15 80 91 d8 02 80 76 80 34 51 f4 20 90 d8 02 27 fe 03 c0 0e 94 ef 00 46 c0 0e 94 e1 01 43 c0 40 91 ".........w.........0)......w.........v.4Q. ...'.......F.....C.@."
65 control msg returned 64, bytes: 05 ff d9 02 55 27 40 30 45 07 09 f1 41 30 e0 e0 5e 07 01 f1 43 30 e0 e0 5e 07 f9 f0 45 30 e0 e0 5e 07 f1 f0 46 30 e0 e0 5e 07 e9 f0 48 30 e0 e0 5e 07 e1 f0 49 30 e0 e0 5e 07 d9 f0 4a 30 e0 e0 "....U'@0E...A0..^...C0..^...E0..^...F0..^...H0..^...I0..^...J0.."
66 control msg returned 64, bytes: 05 ff 5e 07 d1 f0 4b 30 e0 e0 5e 07 c9 f0 1b c0 0e 94 7f 09 19 c0 0e 94 62 0a 16 c0 0e 94 d1 0a 13 c0 0e 94 4d 0b 10 c0 0e 94 8b 0b 0d c0 0e 94 e7 0c 0a c0 0e 94 31 0d 07 c0 0e 94 9e 0d 04 c0 "..^...K0..^.............b...........M.................1........."
67 control msg returned 64, bytes: 05 ff 0e 94 ef 0d 01 c0 a4 d1 80 91 73 00 85 30 59 f4 20 90 1c 15 27 fc fc cf 20 90 da 02 20 92 04 15 22 24 20 92 73 00 80 91 73 00 84 30 19 f4 22 24 20 92 73 00 80 91 73 00 81 30 09 f0 87 c0 "............s..0Y. ...'... ... ..."$ .s...s..0.."$ .s...s..0...."
68 control msg returned 64, bytes: 05 ff 20 90 de 02 30 90 df 02 40 90 f0 02 50 90 f1 02 42 14 53 04 18 f4 a4 2c b5 2c 04 c0 a0 90 de 02 b0 90 df 02 4a 2d 5b 2d 20 90 1c 15 27 fc fc cf 80 91 f0 02 90 91 f1 02 80 34 e0 e0 9e 07 ".. ...0...@...P...B.S....,.,..........J-[- ...'............4...."
69 control msg returned 64, bytes: 05 ff 78 f1 80 91 e6 02 81 30 61 f4 86 2f 97 2f 80 5c 9f 4d 90 93 1e 15 80 93 1d 15 80 e4 80 93 1b 15 03 c0 00 e4 10 e0 f0 d0 80 91 f0 02 90 91 f1 02 80 54 90 40 90 93 f1 02 80 93 f0 02 80 91 "..x......0a.././.\.M...............................T.@.........."
70 control msg returned 64, bytes: 05 ff ee 02 90 91 ef 02 80 5c 9f 4f 90 93 ef 02 80 93 ee 02 60 5c 7f 4f 80 91 1c 15 80 68 80 93 1c 15 2b c0 80 91 e6 02 81 30 79 f4 86 2f 97 2f 80 5c 9f 4d 90 93 1e 15 80 93 1d 15 20 90 f0 02 ".........\.O........`\.O.....h....+......0y.././.\.M........ ..."
71 control msg returned 64, bytes: 05 ff 30 90 f1 02 20 92 1b 15 05 c0 00 91 f0 02 10 91 f1 02 bc d0 20 90 f0 02 30 90 f1 02 40 90 ee 02 50 90 ef 02 42 0c 53 1c 50 92 ef 02 40 92 ee 02 80 91 1c 15 80 68 80 93 1c 15 20 90 ee 02 "..0... ............... ...0...@...P...B.S.P...@........h.... ..."
72 control msg returned 64, bytes: 05 ff 30 90 ef 02 24 16 35 06 08 f4 92 cf 22 24 20 92 73 00 20 92 e6 02 80 91 73 00 82 30 09 f0 7a c0 20 90 de 02 30 90 df 02 40 90 f0 02 50 90 f1 02 42 14 53 04 18 f4 64 2d 75 2d 04 c0 60 91 "..0...$.5....."$ .s. .....s..0..z. ...0...@...P...B.S...d-u-..`."
73 control msg returned 64, bytes: 05 ff de 02 70 91 df 02 46 2f 57 2f 20 90 18 15 27 fe fc cf 80 91 f0 02 90 91 f1 02 80 34 e0 e0 9e 07 58 f1 20 91 ec 02 30 91 ed 02 00 e4 10 e0 56 d0 80 91 18 15 8f 77 80 93 18 15 80 91 ec 02 "....p...F/W/ ...'............4....X. ...0.......V......w........"
74 control msg returned 64, bytes: 05 ff 90 91 ed 02 80 5c 9f 4f 90 93 ed 02 80 93 ec 02 80 91 f0 02 90 91 f1 02 80 54 90 40 90 93 f1 02 80 93 f0 02 80 91 ee 02 90 91 ef 02 80 5c 9f 4f 90 93 ef 02 80 93 ee 02 1c c0 20 91 ec 02 ".......\.O.................T.@.................\.O.......... ..."
75 control msg returned 64, bytes: 05 ff 30 91 ed 02 00 91 f0 02 10 91 f1 02 29 d0 20 90 f0 02 30 90 f1 02 40 90 ee 02 50 90 ef 02 42 0c 53 1c 50 92 ef 02 40 92 ee 02 80 91 18 15 8f 77 80 93 18 15 20 90 ee 02 30 90 ef 02 24 16 "..0...........). ...0...@...P...B.S.P...@........w.... ...0...$."
76 control msg returned 64, bytes: 05 ff 35 06 08 f4 a5 cf 22 24 20 92 73 00 22 20 31 f4 20 90 d8 02 27 fc 02 c0 0e 94 00 02 0e 94 6e 0e 08 95 0e 94 7c 0e 00 30 01 07 91 f0 44 27 55 27 0c c0 e4 2f f5 2f e2 0f f3 1f a4 2f b5 2f "..5....."$ .s." 1. ...'.........n.....|..0....D'U'..././....././"
77 control msg returned 64, bytes: 05 ff a0 50 b0 4e 2c 90 20 82 4f 5f 5f 4f 40 17 51 07 88 f3 0e 94 7f 0e 08 95 0e 94 7c 0e 00 30 01 07 09 f4 37 c0 20 90 1c 15 27 fc fc cf 00 93 1b 15 80 91 72 00 81 30 b9 f4 44 27 55 27 10 c0 "...P.N,. .O__O@.Q...........|..0....7. ...'.........r..0..D'U'.."
78 control msg returned 64, bytes: 05 ff e0 91 ea 02 f0 91 eb 02 21 90 f0 93 eb 02 e0 93 ea 02 e4 2f f5 2f e0 5c ff 4d 20 82 4f 5f 5f 4f 40 17 51 07 68 f3 16 c0 44 27 55 27 10 c0 e0 91 ec 02 f0 91 ed 02 21 90 f0 93 ed 02 e0 93 "..........!.........././.\.M .O__O@.Q.h...D'U'..........!......."
79 control msg returned 64, bytes: 05 ff ec 02 e4 2f f5 2f e0 5c ff 4d 20 82 4f 5f 5f 4f 40 17 51 07 68 f3 0e 94 7f 0e 08 95 0e 94 7a 0e 6c 81 7d 81 42 2f 53 2f 40 5c 5f 4d 05 c0 80 91 e1 02 81 30 09 f4 13 c0 20 90 1c 15 27 fc "....././.\.M .O__O@.Q.h.........z.l.}.B/S/@\_M.......0.... ...'."
80 control msg returned 64, bytes: 05 ff f7 cf e0 2f f1 2f a4 2f b5 2f 01 90 0e 2f 1f 2f 0d 92 4a 2f 5b 2f 61 50 70 40 60 30 67 07 89 f7 0e 94 6b 0e 08 95 0f 77 08 95 80 91 10 15 89 7f 80 93 10 15 84 60 80 93 10 15 84 e0 80 93 "....././././..././..J/[/aPp@`0g.....k....w.............`........"
81 control msg returned 64, bytes: 05 ff 73 00 08 95 80 91 e7 02 82 30 31 f4 80 91 40 17 8a 7f 80 93 40 17 16 c0 80 91 e7 02 83 30 21 f0 85 30 11 f0 84 30 71 f4 80 91 80 30 84 60 80 93 80 30 04 e1 10 e0 0e 94 15 05 80 91 80 30 "..s........01...@.....@........0!..0...0q....0.`...0...........0"
82 control msg returned 64, bytes: 05 ff 8b 7f 80 93 80 30 80 91 00 16 8f 77 80 93 00 16 08 95 80 91 e7 02 82 30 31 f4 80 91 40 17 85 60 80 93 40 17 20 c0 80 91 e7 02 83 30 31 f4 80 91 80 15 80 68 80 93 80 15 16 c0 80 91 e7 02 ".......0.....w...........01...@..`..@. ......01......h.........."
83 control msg returned 64, bytes: 05 ff 85 30 59 f4 80 91 00 18 8d 60 80 93 00 18 80 91 40 17 85 60 80 93 40 17 07 c0 80 91 e7 02 84 30 19 f4 81 e0 80 93 00 31 80 91 00 16 80 68 80 93 00 16 08 95 22 97 22 24 33 24 39 82 28 82 "...0Y......`......@..`..@........0.......1.....h......"."$3$9.(."
84 control msg returned 64, bytes: 05 ff 88 81 99 81 01 96 99 83 88 83 88 81 99 81 84 3f e1 e0 9e 07 ac f3 22 96 08 95 0e 94 7c 0e 20 90 da 02 30 90 db 02 22 20 51 f4 33 20 41 f4 80 91 de 02 90 91 df 02 82 30 e0 e0 9e 07 11 f0 ".................?......".....|. ...0..." Q.3 A..........0......"
85 control msg returned 64, bytes: 05 ff 0e 94 0b 09 40 91 d8 02 55 27 40 38 e0 e0 5e 07 49 f0 41 38 e0 e0 5e 07 d1 f0 42 38 e0 e0 5e 07 79 f1 a7 c0 20 90 dc 02 30 90 dd 02 22 20 11 f4 33 20 19 f0 0e 94 0b 09 9e c0 80 e6 91 e0 "......@...U'@8..^.I.A8..^...B8..^.y... ...0..." ..3 ............"
86 control msg returned 64, bytes: 05 ff 90 93 eb 02 80 93 ea 02 81 e0 80 93 72 00 94 c0 80 91 f2 02 84 30 41 f4 20 90 dc 02 30 90 dd 02 22 20 11 f4 33 20 19 f0 0e 94 0b 09 85 c0 80 e6 91 e0 90 93 eb 02 80 93 ea 02 81 e0 80 93 "..............r........0A. ...0..." ..3 ........................"
87 control msg returned 64, bytes: 05 ff 72 00 7b c0 80 91 f2 02 84 30 21 f4 20 90 dd 02 22 20 19 f0 0e 94 0b 09 70 c0 40 91 dc 02 55 27 41 38 e0 e0 5e 07 51 f0 42 38 e0 e0 5e 07 21 f1 43 38 e0 e0 5e 07 09 f4 3d c0 5a c0 80 91 "..r.{......0!. ..." ......p.@...U'A8..^.Q.B8..^.!.C8..^...=.Z..."
88 control msg returned 64, bytes: 05 ff 74 00 83 30 51 f4 8e e5 91 e0 90 93 eb 02 80 93 ea 02 81 e0 80 93 72 00 09 c0 80 e6 91 e0 90 93 eb 02 80 93 ea 02 81 e0 80 93 72 00 82 e0 90 e0 90 93 f1 02 80 93 f0 02 41 c0 80 91 75 00 "..t..0Q.................r...................r.............A...u."
89 control msg returned 64, bytes: 05 ff 83 30 51 f4 8e e5 91 e0 90 93 eb 02 80 93 ea 02 81 e0 80 93 72 00 09 c0 80 e6 91 e0 90 93 eb 02 80 93 ea 02 81 e0 80 93 72 00 82 e0 90 e0 90 93 f1 02 80 93 f0 02 23 c0 80 91 76 00 83 30 "...0Q.................r...................r.............#...v..0"
90 control msg returned 64, bytes: 05 ff 51 f4 8e e5 91 e0 90 93 eb 02 80 93 ea 02 81 e0 80 93 72 00 09 c0 80 e6 91 e0 90 93 eb 02 80 93 ea 02 81 e0 80 93 72 00 82 e0 90 e0 90 93 f1 02 80 93 f0 02 05 c0 0e 94 0b 09 02 c0 0e 94 "..Q.................r...................r......................."
91 control msg returned 64, bytes: 05 ff 0b 09 80 91 73 00 84 30 79 f0 81 e0 80 93 73 00 22 24 33 24 30 92 ef 02 20 92 ee 02 82 e0 90 e0 90 93 f1 02 80 93 f0 02 0e 94 7f 0e 08 95 0e 94 7c 0e 80 91 f2 02 84 30 a1 f4 80 91 d8 02 "......s..0y.....s."$3$0... .......................|......0......"
92 control msg returned 64, bytes: 05 ff 82 30 81 f4 20 90 da 02 30 90 db 02 22 20 51 f4 33 20 41 f4 20 90 de 02 30 90 df 02 22 20 11 f4 33 20 19 f0 0e 94 0b 09 3f c0 40 91 dc 02 55 27 41 38 e0 e0 5e 07 49 f0 42 38 e0 e0 5e 07 "...0.. ...0..." Q.3 A. ...0..." ..3 ......?.@...U'A8..^.I.B8..^."
93 control msg returned 64, bytes: 05 ff a1 f0 43 38 e0 e0 5e 07 f9 f0 2d c0 80 91 20 15 89 7f 80 93 20 15 28 2e 20 92 20 15 8e 7f 80 93 20 15 22 24 20 92 74 00 20 c0 80 91 30 15 89 7f 80 93 30 15 28 2e 20 92 30 15 8e 7f 80 93 "....C8..^...-... ..... .(. . ..... ."$ .t. ...0.....0.(. .0....."
94 control msg returned 64, bytes: 05 ff 30 15 22 24 20 92 75 00 11 c0 80 91 40 15 89 7f 80 93 40 15 28 2e 20 92 40 15 8e 7f 80 93 40 15 22 24 20 92 76 00 02 c0 0e 94 0b 09 80 91 73 00 84 30 61 f0 20 90 1c 15 27 fc fc cf 22 24 "..0."$ .u.....@.....@.(. .@.....@."$ .v.........s..0a. ...'..."$"
95 control msg returned 64, bytes: 05 ff 20 92 1b 15 80 91 1c 15 80 68 80 93 1c 15 0e 94 7f 0e 08 95 0e 94 7a 0e 44 27 20 90 da 02 30 90 db 02 22 20 09 f0 55 c0 33 20 09 f0 52 c0 80 91 f2 02 84 30 a1 f4 80 91 d8 02 82 30 81 f4 ".. ........h............z.D' ...0..." ..U.3 ..R......0.......0.."
96 control msg returned 64, bytes: 05 ff 20 90 da 02 30 90 db 02 22 20 51 f4 33 20 41 f4 20 90 de 02 30 90 df 02 22 20 11 f4 33 20 19 f0 0e 94 0b 09 39 c0 60 91 dc 02 77 27 61 38 e0 e0 7e 07 49 f0 62 38 e0 e0 7e 07 89 f0 63 38 ".. ...0..." Q.3 A. ...0..." ..3 ......9.`...w'a8..~.I.b8..~...c8"
97 control msg returned 64, bytes: 05 ff e0 e0 7e 07 c9 f0 24 c0 80 91 20 15 89 7f 80 93 20 15 84 60 80 93 20 15 83 e0 80 93 74 00 1d c0 80 91 30 15 89 7f 80 93 30 15 84 60 80 93 30 15 83 e0 80 93 75 00 11 c0 80 91 40 15 89 7f "....~...$... ..... ..`.. .....t.....0.....0..`..0.....u.....@..."
98 control msg returned 64, bytes: 05 ff 80 93 40 15 84 60 80 93 40 15 83 e0 80 93 76 00 05 c0 0e 94 0b 09 02 c0 0e 94 0b 09 80 91 73 00 84 30 a1 f0 20 90 1c 15 27 fc fc cf 22 24 20 92 1b 15 80 91 1c 15 80 68 80 93 1c 15 44 23 "....@..`..@.....v...............s..0.. ...'..."$ ........h....D#"
99 control msg returned 64, bytes: 05 ff 31 f0 20 90 1c 15 27 fc fc cf 40 93 09 15 0e 94 6b 0e 08 95 20 90 d8 02 22 20 c9 f4 20 90 dc 02 30 90 dd 02 22 20 99 f4 33 20 89 f4 20 90 de 02 30 90 df 02 22 20 59 f4 33 20 49 f4 8f e7 "..1. ...'...@.....k... ..." .. ...0..." ..3 .. ...0..." Y.3 I..."
100 control msg returned 64, bytes: 05 ff 90 e0 20 90 da 02 30 90 db 02 82 15 93 05 10 f4 0e 94 0b 09 85 e0 80 93 73 00 20 90 da 02 22 20 21 f0 83 e0 80 93 f2 02 03 c0 82 e0 80 93 f2 02 80 91 73 00 84 30 61 f0 20 90 1c 15 27 fc ".... ...0.................s. ..." !.................s..0a. ...'."
101 control msg returned 64, bytes: 05 ff fc cf 22 24 20 92 1b 15 80 91 1c 15 80 68 80 93 1c 15 08 95 0e 94 7c 0e 22 97 80 91 db 02 82 30 09 f0 6b c0 81 e0 80 93 e6 02 20 90 1c 15 27 fc fc cf 20 90 01 15 21 fe 1f c0 89 e0 90 e0 "...."$ ........h........|."......0..k....... ...'... ...!......."
102 control msg returned 64, bytes: 05 ff 99 83 88 83 22 27 33 27 00 ea 10 e0 0e 94 e5 08 82 e2 90 e0 99 83 88 83 29 e0 30 e0 02 eb 10 e0 0e 94 e5 08 87 e0 90 e0 99 83 88 83 2b e2 30 e0 04 ed 10 e0 0e 94 e5 08 1e c0 89 e0 90 e0 "......"'3'................).0.................+.0..............."
103 control msg returned 64, bytes: 05 ff 99 83 88 83 22 27 33 27 00 ea 10 e0 0e 94 e5 08 82 e2 90 e0 99 83 88 83 29 e0 30 e0 02 eb 10 e0 0e 94 e5 08 87 e0 90 e0 99 83 88 83 2b e2 30 e0 0b ed 10 e0 0e 94 e5 08 20 90 a2 00 30 90 "......"'3'................).0.................+.0......... ...0."
104 control msg returned 64, bytes: 05 ff a3 00 30 92 f1 02 20 92 f0 02 20 90 f0 02 30 90 f1 02 40 90 de 02 50 90 df 02 42 14 53 04 30 f4 24 2c 35 2c 30 92 f1 02 20 92 f0 02 81 e0 80 93 73 00 22 24 33 24 30 92 ef 02 20 92 ee 02 "....0... ... ...0...@...P...B.S.0.$,5,0... .......s."$3$0... ..."
105 control msg returned 64, bytes: 05 ff e5 c0 80 91 db 02 87 30 09 f0 6b c0 81 e0 80 93 e6 02 20 90 1c 15 27 fc fc cf 20 90 01 15 21 fe 1f c0 89 e0 90 e0 99 83 88 83 22 27 33 27 09 ea 10 e0 0e 94 e5 08 82 e2 90 e0 99 83 88 83 ".........0..k....... ...'... ...!..........."'3'................"
106 control msg returned 64, bytes: 05 ff 29 e0 30 e0 02 eb 10 e0 0e 94 e5 08 87 e0 90 e0 99 83 88 83 2b e2 30 e0 0b ed 10 e0 0e 94 e5 08 1e c0 89 e0 90 e0 99 83 88 83 22 27 33 27 09 ea 10 e0 0e 94 e5 08 82 e2 90 e0 99 83 88 83 "..).0.................+.0..................."'3'................"
107 control msg returned 64, bytes: 05 ff 29 e0 30 e0 02 eb 10 e0 0e 94 e5 08 87 e0 90 e0 99 83 88 83 2b e2 30 e0 04 ed 10 e0 0e 94 e5 08 20 90 ab 00 30 90 ac 00 30 92 f1 02 20 92 f0 02 20 90 f0 02 30 90 f1 02 40 90 de 02 50 90 "..).0.................+.0......... ...0...0... ... ...0...@...P."
108 control msg returned 64, bytes: 05 ff df 02 42 14 53 04 30 f4 24 2c 35 2c 30 92 f1 02 20 92 f0 02 81 e0 80 93 73 00 22 24 33 24 30 92 ef 02 20 92 ee 02 75 c0 40 91 db 02 55 27 41 30 e0 e0 5e 07 49 f0 43 30 e0 e0 5e 07 39 f1 "....B.S.0.$,5,0... .......s."$3$0... ...u.@...U'A0..^.I.C0..^.9."
109 control msg returned 64, bytes: 05 ff 46 30 e0 e0 5e 07 91 f0 45 c0 84 e8 90 e0 90 93 eb 02 80 93 ea 02 81 e0 80 93 72 00 20 90 84 00 33 24 30 92 f1 02 20 92 f0 02 36 c0 86 e9 90 e0 90 93 eb 02 80 93 ea 02 81 e0 80 93 72 00 "..F0..^...E.................r. ...3$0... ...6.................r."
110 control msg returned 64, bytes: 05 ff 20 90 96 00 33 24 30 92 f1 02 20 92 f0 02 25 c0 83 e0 20 90 da 02 82 15 18 f4 0e 94 0b 09 1d c0 86 e5 91 e0 e0 91 da 02 ff 27 ee 0f ff 1f e8 0f f9 1f 20 80 31 80 30 92 eb 02 20 92 ea 02 ".. ...3$0... ...%... ......................'........ .1.0... ..."
111 control msg returned 64, bytes: 05 ff 81 e0 80 93 72 00 e2 2d f3 2d 20 80 33 24 30 92 f1 02 20 92 f0 02 02 c0 0e 94 0b 09 20 90 f0 02 30 90 f1 02 40 90 de 02 50 90 df 02 42 14 53 04 30 f4 24 2c 35 2c 30 92 f1 02 20 92 f0 02 "......r..-.- .3$0... ......... ...0...@...P...B.S.0.$,5,0... ..."
112 control msg returned 64, bytes: 05 ff 80 91 73 00 84 30 49 f0 81 e0 80 93 73 00 22 24 33 24 30 92 ef 02 20 92 ee 02 22 96 0e 94 7f 0e 08 95 80 91 d8 02 80 38 c1 f4 20 90 da 02 30 90 db 02 22 20 91 f4 33 20 81 f4 20 90 dc 02 "....s..0I.....s."$3$0... ..."............8.. ...0..." ..3 .. ..."
113 control msg returned 64, bytes: 05 ff 30 90 dd 02 22 20 51 f4 33 20 41 f4 80 91 de 02 90 91 df 02 81 30 e0 e0 9e 07 19 f0 0e 94 0b 09 1d c0 81 e0 90 e0 90 93 f1 02 80 93 f0 02 80 91 f2 02 84 30 51 f4 8e e5 91 e0 90 93 eb 02 "..0..." Q.3 A..........0.............................0Q........."
114 control msg returned 64, bytes: 05 ff 80 93 ea 02 81 e0 80 93 72 00 09 c0 80 e6 91 e0 90 93 eb 02 80 93 ea 02 81 e0 80 93 72 00 80 91 73 00 84 30 49 f0 81 e0 80 93 73 00 22 24 33 24 30 92 ef 02 20 92 ee 02 08 95 80 91 f2 02 "..........r...................r...s..0I.....s."$3$0... ........."
115 control msg returned 64, bytes: 05 ff 82 30 e9 f0 20 90 d8 02 22 20 c9 f4 20 90 dc 02 30 90 dd 02 22 20 99 f4 33 20 89 f4 20 90 de 02 30 90 df 02 22 20 59 f4 33 20 49 f4 81 e0 90 e0 20 90 da 02 30 90 db 02 82 15 93 05 18 f4 "...0.. ..." .. ...0..." ..3 .. ...0..." Y.3 I..... ...0........."
116 control msg returned 64, bytes: 05 ff 0e 94 0b 09 38 c0 22 24 30 90 da 02 23 14 30 f5 84 e0 80 93 f2 02 20 92 74 00 20 92 75 00 20 92 76 00 20 92 77 00 20 92 78 00 80 91 20 15 89 7f 80 93 20 15 28 2e 20 92 20 15 80 91 30 15 "......8."$0...#.0....... .t. .u. .v. .w. .x... ..... .(. . ...0."
117 control msg returned 64, bytes: 05 ff 89 7f 80 93 30 15 28 2e 20 92 30 15 80 91 40 15 89 7f 80 93 40 15 28 2e 20 92 40 15 0d c0 83 e0 80 93 f2 02 80 93 74 00 80 93 75 00 80 93 76 00 80 93 77 00 80 93 78 00 80 91 73 00 84 30 "......0.(. .0...@.....@.(. .@...........t...u...v...w...x...s..0"
118 control msg returned 64, bytes: 05 ff 61 f0 20 90 1c 15 27 fc fc cf 22 24 20 92 1b 15 80 91 1c 15 80 68 80 93 1c 15 08 95 80 91 f2 02 84 30 a1 f4 20 90 da 02 30 90 db 02 22 20 71 f4 33 20 61 f4 80 91 d8 02 81 38 41 f4 80 91 "..a. ...'..."$ ........h...........0.. ...0..." q.3 a......8A..."
119 control msg returned 64, bytes: 05 ff de 02 90 91 df 02 81 30 e0 e0 9e 07 19 f0 0e 94 0b 09 28 c0 81 e0 90 e0 90 93 f1 02 80 93 f0 02 20 90 dc 02 30 90 dd 02 22 20 11 f4 33 20 41 f0 80 91 dc 02 90 91 dd 02 81 30 e0 e0 9e 07 ".........0..........(............. ...0..." ..3 A..........0...."
120 control msg returned 64, bytes: 05 ff 81 f4 8a e9 91 e0 20 90 dc 02 30 90 dd 02 28 0e 39 1e 30 92 ed 02 20 92 ec 02 22 24 20 92 72 00 02 c0 0e 94 0b 09 80 91 73 00 84 30 49 f0 81 e0 80 93 73 00 22 24 33 24 30 92 ef 02 20 92 "........ ...0...(.9.0... ..."$ .r.........s..0I.....s."$3$0... ."
121 control msg returned 64, bytes: 05 ff ee 02 08 95 80 91 d8 02 81 30 41 f4 20 90 de 02 30 90 df 02 22 20 11 f4 33 20 19 f0 0e 94 0b 09 22 c0 80 91 dc 02 90 91 dd 02 82 30 e0 e0 9e 07 d0 f4 8a e9 91 e0 e0 91 dc 02 f0 91 dd 02 "...........0A. ...0..." ..3 ......"..........0.................."
122 control msg returned 64, bytes: 05 ff e8 0f f9 1f 20 90 da 02 30 90 db 02 20 82 e0 91 dc 02 f0 91 dd 02 e8 0f f9 1f 20 80 22 20 19 f0 0e 94 3d 09 01 c0 00 00 80 91 73 00 84 30 61 f0 20 90 1c 15 27 fc fc cf 22 24 20 92 1b 15 "...... ...0... ............. ." ....=.......s..0a. ...'..."$ ..."
123 control msg returned 64, bytes: 05 ff 80 91 1c 15 80 68 80 93 1c 15 08 95 68 94 da 92 d1 2e 04 c0 e8 94 da 92 d1 2e d3 26 17 ff 04 c0 10 95 00 95 0f 5f 1f 4f 37 ff 04 c0 30 95 20 95 2f 5f 3f 4f 0e 94 52 0e d7 fe 04 c0 10 95 ".......h......h..............&........._.O7...0. ./_?O..R......."
124 control msg returned 64, bytes: 05 ff 00 95 0f 5f 1f 4f d9 90 08 95 68 94 01 c0 e8 94 ea 92 fa 92 8a 93 ee 24 ff 24 80 e1 00 0f 11 1f ee 1c ff 1c e2 16 f3 06 18 f0 e2 1a f3 0a 03 95 8a 95 a1 f7 16 f4 0e 2d 1f 2d 89 91 f9 90 "....._.O....h............$.$.............................-.-...."
125 control msg returned 64, bytes: 05 ff e9 90 08 95 e2 e0 0c 94 80 0e e4 e0 0c 94 80 0e ee 27 0c 94 80 0e fa 92 ea 92 da 92 ca 92 ba 92 aa 92 7a 93 6a 93 5a 93 4a 93 08 95 e1 e0 49 91 59 91 e0 fd 08 95 69 91 79 91 e1 fd 08 95 "...................'................z.j.Z.J.....I.Y.....i.y....."
126 control msg returned 64, bytes: 05 ff a9 90 b9 90 e2 fd 08 95 c9 90 d9 90 e3 fd 08 95 e9 90 f9 90 08 95 22 23 21 f0 00 0f 11 1f 2a 95 fa cf 08 95 ff ff ff ff ff ff ff ff ff ff ff ff ff ff ff ff ff ff ff ff ff ff ff ff ff ff "........................"#!.....*..............................."
127 control msg returned 2, bytes: 07 00 ".."
0 usb_reset returned -19
1 get descriptor returned -19, bytes: 
2 get descriptor returned -19, bytes: 
3 get descriptor returned -19, bytes: 
failed to release interface before set_configuration: -19
4 set configuration returned -19
claim after set_configuration failed with error -19
4 set alternate setting returned -19
5 control msg returned -19, bytes: 
6 control msg returned -19, bytes: 
7 control msg returned -19, bytes: 
8 control msg returned -19, bytes: 
9 control msg returned -19, bytes: 
10350 control msg returned -19, bytes: 
10351 abort pipe not implemented yet :(
